<?xml version="1.0" encoding="UTF-8"?>
<!-- Generated by org.testng.reporters.JUnitReportReporter -->
<testsuite hostname="PUNITP346606L" failures="0" tests="1" name="Selenium.BootStrap" time="0.158" errors="0" timestamp="2020-11-02T20:37:02 IST" skipped="0">
  <testcase classname="Selenium.BootStrap" name="bootstrapdrpdown" time="0.158"/>
  <system-out/>
</testsuite> <!-- Selenium.BootStrap -->
