<?xml version="1.0" encoding="UTF-8"?>
<!-- Generated by org.testng.reporters.JUnitReportReporter -->
<testsuite hostname="PUNITP346606L" failures="0" tests="1" name="Selenium.BrowserSize" time="0.291" errors="0" timestamp="2020-11-01T21:15:00 IST" skipped="0">
  <testcase classname="Selenium.BrowserSize" name="browsersize" time="0.291"/>
  <system-out/>
</testsuite> <!-- Selenium.BrowserSize -->
