<?xml version="1.0" encoding="UTF-8"?>
<!-- Generated by org.testng.reporters.JUnitReportReporter -->
<testsuite hostname="PUNITP346606L" failures="0" tests="3" name="Selenium.Parameterization" time="0.018" errors="0" timestamp="2020-11-02T23:50:40 IST" skipped="0">
  <testcase classname="Selenium.Parameterization" name="testMethod" time="0.010"/>
  <system-out/>
  <testcase classname="Selenium.Parameterization" name="testMethod" time="0.004"/>
  <system-out/>
  <testcase classname="Selenium.Parameterization" name="testMethod" time="0.004"/>
  <system-out/>
</testsuite> <!-- Selenium.Parameterization -->
