<?xml version="1.0" encoding="UTF-8"?>
<!-- Generated by org.testng.reporters.JUnitReportReporter -->
<testsuite hostname="PUNITP346606L" failures="0" tests="1" name="Selenium.WindowHandlePopUp" time="0.655" errors="0" timestamp="2020-11-02T21:02:30 IST" skipped="0">
  <testcase classname="Selenium.WindowHandlePopUp" name="windowscount" time="0.655"/>
  <system-out/>
</testsuite> <!-- Selenium.WindowHandlePopUp -->
