<?xml version="1.0" encoding="UTF-8"?>
<!-- Generated by org.testng.reporters.JUnitReportReporter -->
<testsuite hostname="PUNITP346606L" failures="0" tests="1" name="Selenium.ScrollPage$DragDrop" time="0.022" errors="0" timestamp="2020-11-02T21:10:20 IST" skipped="0">
  <testcase classname="Selenium.ScrollPage$DragDrop" name="scrollpage" time="0.022"/>
  <system-out/>
</testsuite> <!-- Selenium.ScrollPage$DragDrop -->
