<?xml version="1.0" encoding="UTF-8"?>
<!-- Generated by org.testng.reporters.JUnitReportReporter -->
<testsuite hostname="PUNITP346606L" failures="0" tests="1" name="Selenium.DragDrop" time="0.436" errors="0" timestamp="2020-11-02T20:48:39 IST" skipped="0">
  <testcase classname="Selenium.DragDrop" name="dragdrop" time="0.436"/>
  <system-out/>
</testsuite> <!-- Selenium.DragDrop -->
