<?xml version="1.0" encoding="UTF-8"?>
<!-- Generated by org.testng.reporters.JUnitReportReporter -->
<testsuite hostname="PUNITP346606L" failures="0" tests="1" name="Selenium.GoogleSearch" time="1.604" errors="0" timestamp="2020-11-02T22:49:19 IST" skipped="0">
  <testcase classname="Selenium.GoogleSearch" name="CustomizedXpathSize" time="1.604"/>
  <system-out/>
</testsuite> <!-- Selenium.GoogleSearch -->
