<?xml version="1.0" encoding="UTF-8"?>
<!-- Generated by org.testng.reporters.JUnitReportReporter -->
<testsuite hostname="PUNITP346606L" failures="0" tests="1" name="Selenium.ReadProperties" time="0.013" errors="0" timestamp="2020-11-02T23:17:57 IST" skipped="0">
  <testcase classname="Selenium.ReadProperties" name="Read" time="0.013"/>
  <system-out/>
</testsuite> <!-- Selenium.ReadProperties -->
