<?xml version="1.0" encoding="UTF-8"?>
<!-- Generated by org.testng.reporters.JUnitReportReporter -->
<testsuite hostname="PUNITP346606L" failures="0" tests="1" name="Selenium.BrokenLinks" time="1.732" errors="0" timestamp="2020-11-01T21:08:42 IST" skipped="0">
  <testcase classname="Selenium.BrokenLinks" name="Links" time="1.732"/>
  <system-out/>
</testsuite> <!-- Selenium.BrokenLinks -->
