<?xml version="1.0" encoding="UTF-8"?>
<!-- Generated by org.testng.reporters.JUnitReportReporter -->
<testsuite hostname="PUNITP346606L" failures="0" tests="1" name="Selenium.NoSendKeys" time="0.237" errors="0" timestamp="2020-11-01T21:10:21 IST" skipped="0">
  <testcase classname="Selenium.NoSendKeys" name="textEntered" time="0.237"/>
  <system-out/>
</testsuite> <!-- Selenium.NoSendKeys -->
